Info: *******************************************************************
Info: Running Quartus Prime Shell
    Info: Version 17.0.0 Build 595 04/25/2017 SJ Lite Edition
    Info: Copyright (C) 2017  Intel Corporation. All rights reserved.
    Info: Your use of Intel Corporation's design tools, logic functions 
    Info: and other software and tools, and its AMPP partner logic 
    Info: functions, and any output files from any of the foregoing 
    Info: (including device programming or simulation files), and any 
    Info: associated documentation or information are expressly subject 
    Info: to the terms and conditions of the Intel Program License 
    Info: Subscription Agreement, the Intel Quartus Prime License Agreement,
    Info: the Intel MegaCore Function License Agreement, or other 
    Info: applicable license agreement, including, without limitation, 
    Info: that your use is for the sole purpose of programming logic 
    Info: devices manufactured by Intel and sold by Intel or its 
    Info: authorized distributors.  Please refer to the applicable 
    Info: agreement for further details.
    Info: Processing started: Thu May 25 02:47:43 2017
Info: Command: quartus_sh --determine_smart_action Example
Info: Quartus(args): Example
Info (293031): Detected changes in Quartus Prime Settings File (.qsf).
    Info (293029): New assignment CYCLONEII_RESERVE_NCEO_AFTER_CONFIGURATION with value USE AS REGULAR IO has been added.
Info: SMART_ACTION = FIT
Info (23030): Evaluation of Tcl script /home/k33p/intelFPGA_lite/17.0/quartus/common/tcl/internal/qsh_smart.tcl was successful
Info: Quartus Prime Shell was successful. 0 errors, 0 warnings
    Info: Peak virtual memory: 801 megabytes
    Info: Processing ended: Thu May 25 02:47:45 2017
    Info: Elapsed time: 00:00:02
    Info: Total CPU time (on all processors): 00:00:01
